on 4: ERROR:__main__:Error getting player data for Peter-John Nomdo. Exception occurred in file E:\OneDrive\Programming\Tennisv3.0\venv\lib\site-packages\selenium\webdriver\support\wait.py, line 95, in until: Message: 
      Stacktrace:
      Backtrace:
      	GetHandleVerifier [0x00EDA813+48355]
      	(No symbol) [0x00E6C4B1]
      	(No symbol) [0x00D75358]
      	(No symbol) [0x00DA09A5]
      	(No symbol) [0x00DA0B3B]
      	(No symbol) [0x00DCE232]
      	(No symbol) [0x00DBA784]
      	(No symbol) [0x00DCC922]
      	(No symbol) [0x00DBA536]
      	(No symbol) [0x00D982DC]
      	(No symbol) [0x00D993DD]
      	GetHandleVerifier [0x0113AABD+2539405]
      	GetHandleVerifier [0x0117A78F+2800735]
      	GetHandleVerifier [0x0117456C+2775612]
      	GetHandleVerifier [0x00F651E0+616112]
      	(No symbol) [0x00E75F8C]
      	(No symbol) [0x00E72328]
      	(No symbol) [0x00E7240B]
      	(No symbol) [0x00E64FF7]
      	BaseThreadInitThunk [0x76F000C9+25]
      	RtlGetAppContainerNamedObjectPath [0x77B57B1E+286]
      	RtlGetAppContainerNamedObjectPath [0x77B57AEE+238]
on 12: ERROR:__main__:Error getting player data for Joseph Guluzian. Exception occurred in file E:\OneDrive\Programming\Tennisv3.0\venv\lib\site-packages\selenium\webdriver\support\wait.py, line 95, in until: Message: 
       Stacktrace:
       Backtrace:
       	GetHandleVerifier [0x00EDA813+48355]
       	(No symbol) [0x00E6C4B1]
       	(No symbol) [0x00D75358]
       	(No symbol) [0x00DA09A5]
       	(No symbol) [0x00DA0B3B]
       	(No symbol) [0x00DCE232]
       	(No symbol) [0x00DBA784]
       	(No symbol) [0x00DCC922]
       	(No symbol) [0x00DBA536]
       	(No symbol) [0x00D982DC]
       	(No symbol) [0x00D993DD]
       	GetHandleVerifier [0x0113AABD+2539405]
       	GetHandleVerifier [0x0117A78F+2800735]
       	GetHandleVerifier [0x0117456C+2775612]
       	GetHandleVerifier [0x00F651E0+616112]
       	(No symbol) [0x00E75F8C]
       	(No symbol) [0x00E72328]
       	(No symbol) [0x00E7240B]
       	(No symbol) [0x00E64FF7]
       	BaseThreadInitThunk [0x76F000C9+25]
       	RtlGetAppContainerNamedObjectPath [0x77B57B1E+286]
       	RtlGetAppContainerNamedObjectPath [0x77B57AEE+238]
on 13: ERROR:__main__:Error getting player data for Bartolome Artigues-Riera. Exception occurred in file E:\OneDrive\Programming\Tennisv3.0\venv\lib\site-packages\selenium\webdriver\support\wait.py, line 95, in until: Message: 
       Stacktrace:
       Backtrace:
       	GetHandleVerifier [0x00EDA813+48355]
       	(No symbol) [0x00E6C4B1]
       	(No symbol) [0x00D75358]
       	(No symbol) [0x00DA09A5]
       	(No symbol) [0x00DA0B3B]
       	(No symbol) [0x00DCE232]
       	(No symbol) [0x00DBA784]
       	(No symbol) [0x00DCC922]
       	(No symbol) [0x00DBA536]
       	(No symbol) [0x00D982DC]
       	(No symbol) [0x00D993DD]
       	GetHandleVerifier [0x0113AABD+2539405]
       	GetHandleVerifier [0x0117A78F+2800735]
       	GetHandleVerifier [0x0117456C+2775612]
       	GetHandleVerifier [0x00F651E0+616112]
       	(No symbol) [0x00E75F8C]
       	(No symbol) [0x00E72328]
       	(No symbol) [0x00E7240B]
       	(No symbol) [0x00E64FF7]
       	BaseThreadInitThunk [0x76F000C9+25]
       	RtlGetAppContainerNamedObjectPath [0x77B57B1E+286]
       	RtlGetAppContainerNamedObjectPath [0x77B57AEE+238]
WARNING:uc:could not detect version_main.therefore, we are assuming it is chrome 108 or higher
WARNING:uc:could not detect version_main.therefore, we are assuming it is chrome 108 or higher
WARNING:uc:could not detect version_main.therefore, we are assuming it is chrome 108 or higher
on 0: ERROR:__main__:Error getting player data for Tudor Sulea. Exception occurred in file E:\OneDrive\Programming\Tennisv3.0\venv\lib\site-packages\selenium\webdriver\remote\errorhandler.py, line 245, in check_response: Message: element not interactable
        (Session info: chrome=115.0.5790.171)
      Stacktrace:
      Backtrace:
      	GetHandleVerifier [0x00EDA813+48355]
      	(No symbol) [0x00E6C4B1]
      	(No symbol) [0x00D75220]
      	(No symbol) [0x00D9D046]
      	(No symbol) [0x00D9C8B1]
      	(No symbol) [0x00DBA73C]
      	(No symbol) [0x00D99A36]
      	(No symbol) [0x00DBAA94]
      	(No symbol) [0x00DCC922]
      	(No symbol) [0x00DBA536]
      	(No symbol) [0x00D982DC]
      	(No symbol) [0x00D993DD]
      	GetHandleVerifier [0x0113AABD+2539405]
      	GetHandleVerifier [0x0117A78F+2800735]
      	GetHandleVerifier [0x0117456C+2775612]
      	GetHandleVerifier [0x00F651E0+616112]
      	(No symbol) [0x00E75F8C]
      	(No symbol) [0x00E72328]
      	(No symbol) [0x00E7240B]
      	(No symbol) [0x00E64FF7]
      	BaseThreadInitThunk [0x76F000C9+25]
      	RtlGetAppContainerNamedObjectPath [0x77B57B1E+286]
      	RtlGetAppContainerNamedObjectPath [0x77B57AEE+238]
WARNING:uc:could not detect version_main.therefore, we are assuming it is chrome 108 or higher
on 0: ERROR:__main__:Error getting player data for Michael Ryderstedt. Exception occurred in file E:\OneDrive\Programming\Tennisv3.0\venv\lib\site-packages\selenium\webdriver\remote\errorhandler.py, line 245, in check_response: Message: element not interactable
        (Session info: chrome=115.0.5790.171)
      Stacktrace:
      Backtrace:
      	GetHandleVerifier [0x00EDA813+48355]
      	(No symbol) [0x00E6C4B1]
      	(No symbol) [0x00D75220]
      	(No symbol) [0x00D9D046]
      	(No symbol) [0x00D9C8B1]
      	(No symbol) [0x00DBA73C]
      	(No symbol) [0x00D99A36]
      	(No symbol) [0x00DBAA94]
      	(No symbol) [0x00DCC922]
      	(No symbol) [0x00DBA536]
      	(No symbol) [0x00D982DC]
      	(No symbol) [0x00D993DD]
      	GetHandleVerifier [0x0113AABD+2539405]
      	GetHandleVerifier [0x0117A78F+2800735]
      	GetHandleVerifier [0x0117456C+2775612]
      	GetHandleVerifier [0x00F651E0+616112]
      	(No symbol) [0x00E75F8C]
      	(No symbol) [0x00E72328]
      	(No symbol) [0x00E7240B]
      	(No symbol) [0x00E64FF7]
      	BaseThreadInitThunk [0x76F000C9+25]
      	RtlGetAppContainerNamedObjectPath [0x77B57B1E+286]
      	RtlGetAppContainerNamedObjectPath [0x77B57AEE+238]
on 51: ERROR:__main__:Error getting player data for Milan Zekic. Exception occurred in file E:\OneDrive\Programming\Tennisv3.0\venv\lib\site-packages\selenium\webdriver\support\wait.py, line 95, in until: Message: 
       Stacktrace:
       Backtrace:
       	GetHandleVerifier [0x00EDA813+48355]
       	(No symbol) [0x00E6C4B1]
       	(No symbol) [0x00D75358]
       	(No symbol) [0x00DA09A5]
       	(No symbol) [0x00DA0B3B]
       	(No symbol) [0x00DCE232]
       	(No symbol) [0x00DBA784]
       	(No symbol) [0x00DCC922]
       	(No symbol) [0x00DBA536]
       	(No symbol) [0x00D982DC]
       	(No symbol) [0x00D993DD]
       	GetHandleVerifier [0x0113AABD+2539405]
       	GetHandleVerifier [0x0117A78F+2800735]
       	GetHandleVerifier [0x0117456C+2775612]
       	GetHandleVerifier [0x00F651E0+616112]
       	(No symbol) [0x00E75F8C]
       	(No symbol) [0x00E72328]
       	(No symbol) [0x00E7240B]
       	(No symbol) [0x00E64FF7]
       	BaseThreadInitThunk [0x76F000C9+25]
       	RtlGetAppContainerNamedObjectPath [0x77B57B1E+286]
       	RtlGetAppContainerNamedObjectPath [0x77B57AEE+238]
on 72: ERROR:__main__:Error getting player data for Henry Steer. Exception occurred in file E:\OneDrive\Programming\Tennisv3.0\scripts\scrape_player_data.py, line 148, in scrape_player_data: 'NoneType' object has no attribute 'getText'
on 224: ERROR:__main__:Error getting player data for Junior A. Ore. Exception occurred in file E:\OneDrive\Programming\Tennisv3.0\venv\lib\site-packages\selenium\webdriver\support\wait.py, line 95, in until: Message: 
        Stacktrace:
        Backtrace:
        	GetHandleVerifier [0x00EDA813+48355]
        	(No symbol) [0x00E6C4B1]
        	(No symbol) [0x00D75358]
        	(No symbol) [0x00DA09A5]
        	(No symbol) [0x00DA0B3B]
        	(No symbol) [0x00DCE232]
        	(No symbol) [0x00DBA784]
        	(No symbol) [0x00DCC922]
        	(No symbol) [0x00DBA536]
        	(No symbol) [0x00D982DC]
        	(No symbol) [0x00D993DD]
        	GetHandleVerifier [0x0113AABD+2539405]
        	GetHandleVerifier [0x0117A78F+2800735]
        	GetHandleVerifier [0x0117456C+2775612]
        	GetHandleVerifier [0x00F651E0+616112]
        	(No symbol) [0x00E75F8C]
        	(No symbol) [0x00E72328]
        	(No symbol) [0x00E7240B]
        	(No symbol) [0x00E64FF7]
        	BaseThreadInitThunk [0x76F000C9+25]
        	RtlGetAppContainerNamedObjectPath [0x77B57B1E+286]
        	RtlGetAppContainerNamedObjectPath [0x77B57AEE+238]
WARNING:uc:could not detect version_main.therefore, we are assuming it is chrome 108 or higher
on 16: ERROR:__main__:Error getting player data for Jesper De Jong. Exception occurred in file E:\OneDrive\Programming\Tennisv3.0\scripts\scrape_player_data.py, line 154, in scrape_player_data: 'NoneType' object has no attribute 'getText'
WARNING:uc:could not detect version_main.therefore, we are assuming it is chrome 108 or higher
on 0: ERROR:__main__:Error getting player data for Sebastian Decoud. Exception occurred in file E:\OneDrive\Programming\Tennisv3.0\venv\lib\site-packages\selenium\webdriver\remote\errorhandler.py, line 245, in check_response: Message: element not interactable
        (Session info: chrome=115.0.5790.171)
      Stacktrace:
      Backtrace:
      	GetHandleVerifier [0x00EDA813+48355]
      	(No symbol) [0x00E6C4B1]
      	(No symbol) [0x00D75220]
      	(No symbol) [0x00D9D046]
      	(No symbol) [0x00D9C8B1]
      	(No symbol) [0x00DBA73C]
      	(No symbol) [0x00D99A36]
      	(No symbol) [0x00DBAA94]
      	(No symbol) [0x00DCC922]
      	(No symbol) [0x00DBA536]
      	(No symbol) [0x00D982DC]
      	(No symbol) [0x00D993DD]
      	GetHandleVerifier [0x0113AABD+2539405]
      	GetHandleVerifier [0x0117A78F+2800735]
      	GetHandleVerifier [0x0117456C+2775612]
      	GetHandleVerifier [0x00F651E0+616112]
      	(No symbol) [0x00E75F8C]
      	(No symbol) [0x00E72328]
      	(No symbol) [0x00E7240B]
      	(No symbol) [0x00E64FF7]
      	BaseThreadInitThunk [0x76F000C9+25]
      	RtlGetAppContainerNamedObjectPath [0x77B57B1E+286]
      	RtlGetAppContainerNamedObjectPath [0x77B57AEE+238]
WARNING:uc:could not detect version_main.therefore, we are assuming it is chrome 108 or higher
on 16: ERROR:__main__:Error getting player data for Milan Zekic. Exception occurred in file E:\OneDrive\Programming\Tennisv3.0\venv\lib\site-packages\selenium\webdriver\support\wait.py, line 95, in until: Message: 
       Stacktrace:
       Backtrace:
       	GetHandleVerifier [0x00EDA813+48355]
       	(No symbol) [0x00E6C4B1]
       	(No symbol) [0x00D75358]
       	(No symbol) [0x00DA09A5]
       	(No symbol) [0x00DA0B3B]
       	(No symbol) [0x00DCE232]
       	(No symbol) [0x00DBA784]
       	(No symbol) [0x00DCC922]
       	(No symbol) [0x00DBA536]
       	(No symbol) [0x00D982DC]
       	(No symbol) [0x00D993DD]
       	GetHandleVerifier [0x0113AABD+2539405]
       	GetHandleVerifier [0x0117A78F+2800735]
       	GetHandleVerifier [0x0117456C+2775612]
       	GetHandleVerifier [0x00F651E0+616112]
       	(No symbol) [0x00E75F8C]
       	(No symbol) [0x00E72328]
       	(No symbol) [0x00E7240B]
       	(No symbol) [0x00E64FF7]
       	BaseThreadInitThunk [0x76F000C9+25]
       	RtlGetAppContainerNamedObjectPath [0x77B57B1E+286]
       	RtlGetAppContainerNamedObjectPath [0x77B57AEE+238]
WARNING:uc:could not detect version_main.therefore, we are assuming it is chrome 108 or higher
WARNING:uc:could not detect version_main.therefore, we are assuming it is chrome 108 or higher
on 0: ERROR:__main__:Error getting player data for Benoit Paire. Exception occurred in file E:\OneDrive\Programming\Tennisv3.0\venv\lib\site-packages\selenium\webdriver\remote\errorhandler.py, line 245, in check_response: Message: element not interactable
        (Session info: chrome=115.0.5790.171)
      Stacktrace:
      Backtrace:
      	GetHandleVerifier [0x00EDA813+48355]
      	(No symbol) [0x00E6C4B1]
      	(No symbol) [0x00D75220]
      	(No symbol) [0x00D9D046]
      	(No symbol) [0x00D9C8B1]
      	(No symbol) [0x00DBA73C]
      	(No symbol) [0x00D99A36]
      	(No symbol) [0x00DBAA94]
      	(No symbol) [0x00DCC922]
      	(No symbol) [0x00DBA536]
      	(No symbol) [0x00D982DC]
      	(No symbol) [0x00D993DD]
      	GetHandleVerifier [0x0113AABD+2539405]
      	GetHandleVerifier [0x0117A78F+2800735]
      	GetHandleVerifier [0x0117456C+2775612]
      	GetHandleVerifier [0x00F651E0+616112]
      	(No symbol) [0x00E75F8C]
      	(No symbol) [0x00E72328]
      	(No symbol) [0x00E7240B]
      	(No symbol) [0x00E64FF7]
      	BaseThreadInitThunk [0x76F000C9+25]
      	RtlGetAppContainerNamedObjectPath [0x77B57B1E+286]
      	RtlGetAppContainerNamedObjectPath [0x77B57AEE+238]
WARNING:uc:could not detect version_main.therefore, we are assuming it is chrome 108 or higher
on 93: ERROR:__main__:Error getting player data for Luciano Darderi. Exception occurred in file E:\OneDrive\Programming\Tennisv3.0\venv\lib\site-packages\selenium\webdriver\support\wait.py, line 95, in until: Message: 
       Stacktrace:
       Backtrace:
       	GetHandleVerifier [0x00EDA813+48355]
       	(No symbol) [0x00E6C4B1]
       	(No symbol) [0x00D75358]
       	(No symbol) [0x00DA09A5]
       	(No symbol) [0x00DA0B3B]
       	(No symbol) [0x00DCE232]
       	(No symbol) [0x00DBA784]
       	(No symbol) [0x00DCC922]
       	(No symbol) [0x00DBA536]
       	(No symbol) [0x00D982DC]
       	(No symbol) [0x00D993DD]
       	GetHandleVerifier [0x0113AABD+2539405]
       	GetHandleVerifier [0x0117A78F+2800735]
       	GetHandleVerifier [0x0117456C+2775612]
       	GetHandleVerifier [0x00F651E0+616112]
       	(No symbol) [0x00E75F8C]
       	(No symbol) [0x00E72328]
       	(No symbol) [0x00E7240B]
       	(No symbol) [0x00E64FF7]
       	BaseThreadInitThunk [0x76F000C9+25]
       	RtlGetAppContainerNamedObjectPath [0x77B57B1E+286]
       	RtlGetAppContainerNamedObjectPath [0x77B57AEE+238]
on 98: ERROR:__main__:Error getting player data for Milan Zekic. Exception occurred in file E:\OneDrive\Programming\Tennisv3.0\venv\lib\site-packages\selenium\webdriver\support\wait.py, line 95, in until: Message: 
       Stacktrace:
       Backtrace:
       	GetHandleVerifier [0x00EDA813+48355]
       	(No symbol) [0x00E6C4B1]
       	(No symbol) [0x00D75358]
       	(No symbol) [0x00DA09A5]
       	(No symbol) [0x00DA0B3B]
       	(No symbol) [0x00DCE232]
       	(No symbol) [0x00DBA784]
       	(No symbol) [0x00DCC922]
       	(No symbol) [0x00DBA536]
       	(No symbol) [0x00D982DC]
       	(No symbol) [0x00D993DD]
       	GetHandleVerifier [0x0113AABD+2539405]
       	GetHandleVerifier [0x0117A78F+2800735]
       	GetHandleVerifier [0x0117456C+2775612]
       	GetHandleVerifier [0x00F651E0+616112]
       	(No symbol) [0x00E75F8C]
       	(No symbol) [0x00E72328]
       	(No symbol) [0x00E7240B]
       	(No symbol) [0x00E64FF7]
       	BaseThreadInitThunk [0x76F000C9+25]
       	RtlGetAppContainerNamedObjectPath [0x77B57B1E+286]
       	RtlGetAppContainerNamedObjectPath [0x77B57AEE+238]
on 251: ERROR:__main__:Error getting player data for Xxxxxx De Jong. Exception occurred in file E:\OneDrive\Programming\Tennisv3.0\venv\lib\site-packages\selenium\webdriver\support\wait.py, line 95, in until: Message: 
        Stacktrace:
        Backtrace:
        	GetHandleVerifier [0x00EDA813+48355]
        	(No symbol) [0x00E6C4B1]
        	(No symbol) [0x00D75358]
        	(No symbol) [0x00DA09A5]
        	(No symbol) [0x00DA0B3B]
        	(No symbol) [0x00DCE232]
        	(No symbol) [0x00DBA784]
        	(No symbol) [0x00DCC922]
        	(No symbol) [0x00DBA536]
        	(No symbol) [0x00D982DC]
        	(No symbol) [0x00D993DD]
        	GetHandleVerifier [0x0113AABD+2539405]
        	GetHandleVerifier [0x0117A78F+2800735]
        	GetHandleVerifier [0x0117456C+2775612]
        	GetHandleVerifier [0x00F651E0+616112]
        	(No symbol) [0x00E75F8C]
        	(No symbol) [0x00E72328]
        	(No symbol) [0x00E7240B]
        	(No symbol) [0x00E64FF7]
        	BaseThreadInitThunk [0x76F000C9+25]
        	RtlGetAppContainerNamedObjectPath [0x77B57B1E+286]
        	RtlGetAppContainerNamedObjectPath [0x77B57AEE+238]
on 300: ERROR:__main__:Error getting player data for J.J. Wolf. Exception occurred in file E:\OneDrive\Programming\Tennisv3.0\venv\lib\site-packages\selenium\webdriver\support\wait.py, line 95, in until: Message: 
        Stacktrace:
        Backtrace:
        	GetHandleVerifier [0x00EDA813+48355]
        	(No symbol) [0x00E6C4B1]
        	(No symbol) [0x00D75358]
        	(No symbol) [0x00DA09A5]
        	(No symbol) [0x00DA0B3B]
        	(No symbol) [0x00DCE232]
        	(No symbol) [0x00DBA784]
        	(No symbol) [0x00DCC922]
        	(No symbol) [0x00DBA536]
        	(No symbol) [0x00D982DC]
        	(No symbol) [0x00D993DD]
        	GetHandleVerifier [0x0113AABD+2539405]
        	GetHandleVerifier [0x0117A78F+2800735]
        	GetHandleVerifier [0x0117456C+2775612]
        	GetHandleVerifier [0x00F651E0+616112]
        	(No symbol) [0x00E75F8C]
        	(No symbol) [0x00E72328]
        	(No symbol) [0x00E7240B]
        	(No symbol) [0x00E64FF7]
        	BaseThreadInitThunk [0x76F000C9+25]
        	RtlGetAppContainerNamedObjectPath [0x77B57B1E+286]
        	RtlGetAppContainerNamedObjectPath [0x77B57AEE+238]
WARNING:uc:could not detect version_main.therefore, we are assuming it is chrome 108 or higher
on 0: ERROR:__main__:Error getting player data for Yen-Hsun Lu. Exception occurred in file E:\OneDrive\Programming\Tennisv3.0\venv\lib\site-packages\selenium\webdriver\remote\errorhandler.py, line 245, in check_response: Message: element not interactable
        (Session info: chrome=115.0.5790.171)
      Stacktrace:
      Backtrace:
      	GetHandleVerifier [0x00EDA813+48355]
      	(No symbol) [0x00E6C4B1]
      	(No symbol) [0x00D75220]
      	(No symbol) [0x00D9D046]
      	(No symbol) [0x00D9C8B1]
      	(No symbol) [0x00DBA73C]
      	(No symbol) [0x00D99A36]
      	(No symbol) [0x00DBAA94]
      	(No symbol) [0x00DCC922]
      	(No symbol) [0x00DBA536]
      	(No symbol) [0x00D982DC]
      	(No symbol) [0x00D993DD]
      	GetHandleVerifier [0x0113AABD+2539405]
      	GetHandleVerifier [0x0117A78F+2800735]
      	GetHandleVerifier [0x0117456C+2775612]
      	GetHandleVerifier [0x00F651E0+616112]
      	(No symbol) [0x00E75F8C]
      	(No symbol) [0x00E72328]
      	(No symbol) [0x00E7240B]
      	(No symbol) [0x00E64FF7]
      	BaseThreadInitThunk [0x76F000C9+25]
      	RtlGetAppContainerNamedObjectPath [0x77B57B1E+286]
      	RtlGetAppContainerNamedObjectPath [0x77B57AEE+238]
on 32: ERROR:__main__:Error getting player data for Xxxxxx De Jong. Exception occurred in file E:\OneDrive\Programming\Tennisv3.0\venv\lib\site-packages\selenium\webdriver\support\wait.py, line 95, in until: Message: 
       Stacktrace:
       Backtrace:
       	GetHandleVerifier [0x00EDA813+48355]
       	(No symbol) [0x00E6C4B1]
       	(No symbol) [0x00D75358]
       	(No symbol) [0x00DA09A5]
       	(No symbol) [0x00DA0B3B]
       	(No symbol) [0x00DCE232]
       	(No symbol) [0x00DBA784]
       	(No symbol) [0x00DCC922]
       	(No symbol) [0x00DBA536]
       	(No symbol) [0x00D982DC]
       	(No symbol) [0x00D993DD]
       	GetHandleVerifier [0x0113AABD+2539405]
       	GetHandleVerifier [0x0117A78F+2800735]
       	GetHandleVerifier [0x0117456C+2775612]
       	GetHandleVerifier [0x00F651E0+616112]
       	(No symbol) [0x00E75F8C]
       	(No symbol) [0x00E72328]
       	(No symbol) [0x00E7240B]
       	(No symbol) [0x00E64FF7]
       	BaseThreadInitThunk [0x76F000C9+25]
       	RtlGetAppContainerNamedObjectPath [0x77B57B1E+286]
       	RtlGetAppContainerNamedObjectPath [0x77B57AEE+238]
on 58: ERROR:__main__:Error getting player data for Mert Naci Turker. Exception occurred in file E:\OneDrive\Programming\Tennisv3.0\venv\lib\site-packages\selenium\webdriver\remote\errorhandler.py, line 245, in check_response: Message: element not interactable
         (Session info: chrome=115.0.5790.171)
       Stacktrace:
       Backtrace:
       	GetHandleVerifier [0x00EDA813+48355]
       	(No symbol) [0x00E6C4B1]
       	(No symbol) [0x00D75220]
       	(No symbol) [0x00D9D046]
       	(No symbol) [0x00D9C8B1]
       	(No symbol) [0x00DBA73C]
       	(No symbol) [0x00D99A36]
       	(No symbol) [0x00DBAA94]
       	(No symbol) [0x00DCC922]
       	(No symbol) [0x00DBA536]
       	(No symbol) [0x00D982DC]
       	(No symbol) [0x00D993DD]
       	GetHandleVerifier [0x0113AABD+2539405]
       	GetHandleVerifier [0x0117A78F+2800735]
       	GetHandleVerifier [0x0117456C+2775612]
       	GetHandleVerifier [0x00F651E0+616112]
       	(No symbol) [0x00E75F8C]
       	(No symbol) [0x00E72328]
       	(No symbol) [0x00E7240B]
       	(No symbol) [0x00E64FF7]
       	BaseThreadInitThunk [0x76F000C9+25]
       	RtlGetAppContainerNamedObjectPath [0x77B57B1E+286]
       	RtlGetAppContainerNamedObjectPath [0x77B57AEE+238]
on 92: ERROR:__main__:Error getting player data for Milan Zekic. Exception occurred in file E:\OneDrive\Programming\Tennisv3.0\venv\lib\site-packages\selenium\webdriver\support\wait.py, line 95, in until: Message: 
       Stacktrace:
       Backtrace:
       	GetHandleVerifier [0x00EDA813+48355]
       	(No symbol) [0x00E6C4B1]
       	(No symbol) [0x00D75358]
       	(No symbol) [0x00DA09A5]
       	(No symbol) [0x00DA0B3B]
       	(No symbol) [0x00DCE232]
       	(No symbol) [0x00DBA784]
       	(No symbol) [0x00DCC922]
       	(No symbol) [0x00DBA536]
       	(No symbol) [0x00D982DC]
       	(No symbol) [0x00D993DD]
       	GetHandleVerifier [0x0113AABD+2539405]
       	GetHandleVerifier [0x0117A78F+2800735]
       	GetHandleVerifier [0x0117456C+2775612]
       	GetHandleVerifier [0x00F651E0+616112]
       	(No symbol) [0x00E75F8C]
       	(No symbol) [0x00E72328]
       	(No symbol) [0x00E7240B]
       	(No symbol) [0x00E64FF7]
       	BaseThreadInitThunk [0x76F000C9+25]
       	RtlGetAppContainerNamedObjectPath [0x77B57B1E+286]
       	RtlGetAppContainerNamedObjectPath [0x77B57AEE+238]
on 93: ERROR:__main__:Error getting player data for Philip Davydenko. Exception occurred in file E:\OneDrive\Programming\Tennisv3.0\venv\lib\site-packages\selenium\webdriver\support\wait.py, line 95, in until: Message: 
       Stacktrace:
       Backtrace:
       	GetHandleVerifier [0x00EDA813+48355]
       	(No symbol) [0x00E6C4B1]
       	(No symbol) [0x00D75358]
       	(No symbol) [0x00DA09A5]
       	(No symbol) [0x00DA0B3B]
       	(No symbol) [0x00DCE232]
       	(No symbol) [0x00DBA784]
       	(No symbol) [0x00DCC922]
       	(No symbol) [0x00DBA536]
       	(No symbol) [0x00D982DC]
       	(No symbol) [0x00D993DD]
       	GetHandleVerifier [0x0113AABD+2539405]
       	GetHandleVerifier [0x0117A78F+2800735]
       	GetHandleVerifier [0x0117456C+2775612]
       	GetHandleVerifier [0x00F651E0+616112]
       	(No symbol) [0x00E75F8C]
       	(No symbol) [0x00E72328]
       	(No symbol) [0x00E7240B]
       	(No symbol) [0x00E64FF7]
       	BaseThreadInitThunk [0x76F000C9+25]
       	RtlGetAppContainerNamedObjectPath [0x77B57B1E+286]
       	RtlGetAppContainerNamedObjectPath [0x77B57AEE+238]
on 259: ERROR:__main__:Error getting player data for Luciano Darderi. Exception occurred in file E:\OneDrive\Programming\Tennisv3.0\venv\lib\site-packages\selenium\webdriver\support\wait.py, line 95, in until: Message: 
        Stacktrace:
        Backtrace:
        	GetHandleVerifier [0x00EDA813+48355]
        	(No symbol) [0x00E6C4B1]
        	(No symbol) [0x00D75358]
        	(No symbol) [0x00DA09A5]
        	(No symbol) [0x00DA0B3B]
        	(No symbol) [0x00DCE232]
        	(No symbol) [0x00DBA784]
        	(No symbol) [0x00DCC922]
        	(No symbol) [0x00DBA536]
        	(No symbol) [0x00D982DC]
        	(No symbol) [0x00D993DD]
        	GetHandleVerifier [0x0113AABD+2539405]
        	GetHandleVerifier [0x0117A78F+2800735]
        	GetHandleVerifier [0x0117456C+2775612]
        	GetHandleVerifier [0x00F651E0+616112]
        	(No symbol) [0x00E75F8C]
        	(No symbol) [0x00E72328]
        	(No symbol) [0x00E7240B]
        	(No symbol) [0x00E64FF7]
        	BaseThreadInitThunk [0x76F000C9+25]
        	RtlGetAppContainerNamedObjectPath [0x77B57B1E+286]
        	RtlGetAppContainerNamedObjectPath [0x77B57AEE+238]
on 361: ERROR:__main__:Error getting player data for N.Sriram Balaji. Exception occurred in file E:\OneDrive\Programming\Tennisv3.0\venv\lib\site-packages\selenium\webdriver\support\wait.py, line 95, in until: Message: 
        Stacktrace:
        Backtrace:
        	GetHandleVerifier [0x00EDA813+48355]
        	(No symbol) [0x00E6C4B1]
        	(No symbol) [0x00D75358]
        	(No symbol) [0x00DA09A5]
        	(No symbol) [0x00DA0B3B]
        	(No symbol) [0x00DCE232]
        	(No symbol) [0x00DBA784]
        	(No symbol) [0x00DCC922]
        	(No symbol) [0x00DBA536]
        	(No symbol) [0x00D982DC]
        	(No symbol) [0x00D993DD]
        	GetHandleVerifier [0x0113AABD+2539405]
        	GetHandleVerifier [0x0117A78F+2800735]
        	GetHandleVerifier [0x0117456C+2775612]
        	GetHandleVerifier [0x00F651E0+616112]
        	(No symbol) [0x00E75F8C]
        	(No symbol) [0x00E72328]
        	(No symbol) [0x00E7240B]
        	(No symbol) [0x00E64FF7]
        	BaseThreadInitThunk [0x76F000C9+25]
        	RtlGetAppContainerNamedObjectPath [0x77B57B1E+286]
        	RtlGetAppContainerNamedObjectPath [0x77B57AEE+238]
on 660: ERROR:__main__:Error getting player data for Phasawit Burapharittha. Exception occurred in file E:\OneDrive\Programming\Tennisv3.0\venv\lib\site-packages\selenium\webdriver\support\wait.py, line 95, in until: Message: 
        Stacktrace:
        Backtrace:
        	GetHandleVerifier [0x00EDA813+48355]
        	(No symbol) [0x00E6C4B1]
        	(No symbol) [0x00D75358]
        	(No symbol) [0x00DA09A5]
        	(No symbol) [0x00DA0B3B]
        	(No symbol) [0x00DCE232]
        	(No symbol) [0x00DBA784]
        	(No symbol) [0x00DCC922]
        	(No symbol) [0x00DBA536]
        	(No symbol) [0x00D982DC]
        	(No symbol) [0x00D993DD]
        	GetHandleVerifier [0x0113AABD+2539405]
        	GetHandleVerifier [0x0117A78F+2800735]
        	GetHandleVerifier [0x0117456C+2775612]
        	GetHandleVerifier [0x00F651E0+616112]
        	(No symbol) [0x00E75F8C]
        	(No symbol) [0x00E72328]
        	(No symbol) [0x00E7240B]
        	(No symbol) [0x00E64FF7]
        	BaseThreadInitThunk [0x76F000C9+25]
        	RtlGetAppContainerNamedObjectPath [0x77B57B1E+286]
        	RtlGetAppContainerNamedObjectPath [0x77B57AEE+238]
on 672: ERROR:__main__:Error getting player data for Sloane Stephens. Exception occurred in file E:\OneDrive\Programming\Tennisv3.0\venv\lib\site-packages\selenium\webdriver\support\wait.py, line 95, in until: Message: 
        Stacktrace:
        Backtrace:
        	GetHandleVerifier [0x00EDA813+48355]
        	(No symbol) [0x00E6C4B1]
        	(No symbol) [0x00D75358]
        	(No symbol) [0x00DA09A5]
        	(No symbol) [0x00DA0B3B]
        	(No symbol) [0x00DCE232]
        	(No symbol) [0x00DBA784]
        	(No symbol) [0x00DCC922]
        	(No symbol) [0x00DBA536]
        	(No symbol) [0x00D982DC]
        	(No symbol) [0x00D993DD]
        	GetHandleVerifier [0x0113AABD+2539405]
        	GetHandleVerifier [0x0117A78F+2800735]
        	GetHandleVerifier [0x0117456C+2775612]
        	GetHandleVerifier [0x00F651E0+616112]
        	(No symbol) [0x00E75F8C]
        	(No symbol) [0x00E72328]
        	(No symbol) [0x00E7240B]
        	(No symbol) [0x00E64FF7]
        	BaseThreadInitThunk [0x76F000C9+25]
        	RtlGetAppContainerNamedObjectPath [0x77B57B1E+286]
        	RtlGetAppContainerNamedObjectPath [0x77B57AEE+238]
on 692: ERROR:__main__:Error getting player data for Jose Anton Salazar Martin. Exception occurred in file E:\OneDrive\Programming\Tennisv3.0\venv\lib\site-packages\selenium\webdriver\support\wait.py, line 95, in until: Message: 
        Stacktrace:
        Backtrace:
        	GetHandleVerifier [0x00EDA813+48355]
        	(No symbol) [0x00E6C4B1]
        	(No symbol) [0x00D75358]
        	(No symbol) [0x00DA09A5]
        	(No symbol) [0x00DA0B3B]
        	(No symbol) [0x00DCE232]
        	(No symbol) [0x00DBA784]
        	(No symbol) [0x00DCC922]
        	(No symbol) [0x00DBA536]
        	(No symbol) [0x00D982DC]
        	(No symbol) [0x00D993DD]
        	GetHandleVerifier [0x0113AABD+2539405]
        	GetHandleVerifier [0x0117A78F+2800735]
        	GetHandleVerifier [0x0117456C+2775612]
        	GetHandleVerifier [0x00F651E0+616112]
        	(No symbol) [0x00E75F8C]
        	(No symbol) [0x00E72328]
        	(No symbol) [0x00E7240B]
        	(No symbol) [0x00E64FF7]
        	BaseThreadInitThunk [0x76F000C9+25]
        	RtlGetAppContainerNamedObjectPath [0x77B57B1E+286]
        	RtlGetAppContainerNamedObjectPath [0x77B57AEE+238]
WARNING:uc:could not detect version_main.therefore, we are assuming it is chrome 108 or higher
on 3: ERROR:__main__:Error getting player data for Adnan Al Mahmoud. Exception occurred in file E:\OneDrive\Programming\Tennisv3.0\venv\lib\site-packages\selenium\webdriver\remote\errorhandler.py, line 245, in check_response: Message: element not interactable
        (Session info: chrome=115.0.5790.171)
      Stacktrace:
      Backtrace:
      	GetHandleVerifier [0x00EDA813+48355]
      	(No symbol) [0x00E6C4B1]
      	(No symbol) [0x00D75220]
      	(No symbol) [0x00D9D046]
      	(No symbol) [0x00D9C8B1]
      	(No symbol) [0x00DBA73C]
      	(No symbol) [0x00D99A36]
      	(No symbol) [0x00DBAA94]
      	(No symbol) [0x00DCC922]
      	(No symbol) [0x00DBA536]
      	(No symbol) [0x00D982DC]
      	(No symbol) [0x00D993DD]
      	GetHandleVerifier [0x0113AABD+2539405]
      	GetHandleVerifier [0x0117A78F+2800735]
      	GetHandleVerifier [0x0117456C+2775612]
      	GetHandleVerifier [0x00F651E0+616112]
      	(No symbol) [0x00E75F8C]
      	(No symbol) [0x00E72328]
      	(No symbol) [0x00E7240B]
      	(No symbol) [0x00E64FF7]
      	BaseThreadInitThunk [0x76F000C9+25]
      	RtlGetAppContainerNamedObjectPath [0x77B57B1E+286]
      	RtlGetAppContainerNamedObjectPath [0x77B57AEE+238]
on 147: ERROR:__main__:Error getting player data for Madison Keys. Exception occurred in file E:\OneDrive\Programming\Tennisv3.0\venv\lib\site-packages\selenium\webdriver\support\wait.py, line 95, in until: Message: 
        Stacktrace:
        Backtrace:
        	GetHandleVerifier [0x00EDA813+48355]
        	(No symbol) [0x00E6C4B1]
        	(No symbol) [0x00D75358]
        	(No symbol) [0x00DA09A5]
        	(No symbol) [0x00DA0B3B]
        	(No symbol) [0x00DCE232]
        	(No symbol) [0x00DBA784]
        	(No symbol) [0x00DCC922]
        	(No symbol) [0x00DBA536]
        	(No symbol) [0x00D982DC]
        	(No symbol) [0x00D993DD]
        	GetHandleVerifier [0x0113AABD+2539405]
        	GetHandleVerifier [0x0117A78F+2800735]
        	GetHandleVerifier [0x0117456C+2775612]
        	GetHandleVerifier [0x00F651E0+616112]
        	(No symbol) [0x00E75F8C]
        	(No symbol) [0x00E72328]
        	(No symbol) [0x00E7240B]
        	(No symbol) [0x00E64FF7]
        	BaseThreadInitThunk [0x76F000C9+25]
        	RtlGetAppContainerNamedObjectPath [0x77B57B1E+286]
        	RtlGetAppContainerNamedObjectPath [0x77B57AEE+238]
on 294: ERROR:__main__:Error getting player data for Taha Baadi. Exception occurred in file E:\OneDrive\Programming\Tennisv3.0\scripts\scrape_player_data.py, line 187, in scrape_player_data: 'NoneType' object has no attribute 'getText'
on 755: ERROR:__main__:Error getting player data for N.Sriram Balaji. Exception occurred in file E:\OneDrive\Programming\Tennisv3.0\venv\lib\site-packages\selenium\webdriver\support\wait.py, line 95, in until: Message: 
        Stacktrace:
        Backtrace:
        	GetHandleVerifier [0x00EDA813+48355]
        	(No symbol) [0x00E6C4B1]
        	(No symbol) [0x00D75358]
        	(No symbol) [0x00DA09A5]
        	(No symbol) [0x00DA0B3B]
        	(No symbol) [0x00DCE232]
        	(No symbol) [0x00DBA784]
        	(No symbol) [0x00DCC922]
        	(No symbol) [0x00DBA536]
        	(No symbol) [0x00D982DC]
        	(No symbol) [0x00D993DD]
        	GetHandleVerifier [0x0113AABD+2539405]
        	GetHandleVerifier [0x0117A78F+2800735]
        	GetHandleVerifier [0x0117456C+2775612]
        	GetHandleVerifier [0x00F651E0+616112]
        	(No symbol) [0x00E75F8C]
        	(No symbol) [0x00E72328]
        	(No symbol) [0x00E7240B]
        	(No symbol) [0x00E64FF7]
        	BaseThreadInitThunk [0x76F000C9+25]
        	RtlGetAppContainerNamedObjectPath [0x77B57B1E+286]
        	RtlGetAppContainerNamedObjectPath [0x77B57AEE+238]
on 758: ERROR:__main__:Error getting player data for Matheus Pucinelli De Almeida. Exception occurred in file E:\OneDrive\Programming\Tennisv3.0\venv\lib\site-packages\selenium\webdriver\support\wait.py, line 95, in until: Message: 
        Stacktrace:
        Backtrace:
        	GetHandleVerifier [0x00EDA813+48355]
        	(No symbol) [0x00E6C4B1]
        	(No symbol) [0x00D75358]
        	(No symbol) [0x00DA09A5]
        	(No symbol) [0x00DA0B3B]
        	(No symbol) [0x00DCE232]
        	(No symbol) [0x00DBA784]
        	(No symbol) [0x00DCC922]
        	(No symbol) [0x00DBA536]
        	(No symbol) [0x00D982DC]
        	(No symbol) [0x00D993DD]
        	GetHandleVerifier [0x0113AABD+2539405]
        	GetHandleVerifier [0x0117A78F+2800735]
        	GetHandleVerifier [0x0117456C+2775612]
        	GetHandleVerifier [0x00F651E0+616112]
        	(No symbol) [0x00E75F8C]
        	(No symbol) [0x00E72328]
        	(No symbol) [0x00E7240B]
        	(No symbol) [0x00E64FF7]
        	BaseThreadInitThunk [0x76F000C9+25]
        	RtlGetAppContainerNamedObjectPath [0x77B57B1E+286]
        	RtlGetAppContainerNamedObjectPath [0x77B57AEE+238]
on 912: ERROR:__main__:Error getting player data for Philip Florig. Exception occurred in file E:\OneDrive\Programming\Tennisv3.0\scripts\scrape_player_data.py, line 187, in scrape_player_data: 'NoneType' object has no attribute 'getText'
on 917: ERROR:__main__:Error getting player data for Luciano Darderi. Exception occurred in file E:\OneDrive\Programming\Tennisv3.0\venv\lib\site-packages\selenium\webdriver\support\wait.py, line 95, in until: Message: 
        Stacktrace:
        Backtrace:
        	GetHandleVerifier [0x00EDA813+48355]
        	(No symbol) [0x00E6C4B1]
        	(No symbol) [0x00D75358]
        	(No symbol) [0x00DA09A5]
        	(No symbol) [0x00DA0B3B]
        	(No symbol) [0x00DCE232]
        	(No symbol) [0x00DBA784]
        	(No symbol) [0x00DCC922]
        	(No symbol) [0x00DBA536]
        	(No symbol) [0x00D982DC]
        	(No symbol) [0x00D993DD]
        	GetHandleVerifier [0x0113AABD+2539405]
        	GetHandleVerifier [0x0117A78F+2800735]
        	GetHandleVerifier [0x0117456C+2775612]
        	GetHandleVerifier [0x00F651E0+616112]
        	(No symbol) [0x00E75F8C]
        	(No symbol) [0x00E72328]
        	(No symbol) [0x00E7240B]
        	(No symbol) [0x00E64FF7]
        	BaseThreadInitThunk [0x76F000C9+25]
        	RtlGetAppContainerNamedObjectPath [0x77B57B1E+286]
        	RtlGetAppContainerNamedObjectPath [0x77B57AEE+238]
on 1074: ERROR:__main__:Error getting player data for Milan Zekic. Exception occurred in file E:\OneDrive\Programming\Tennisv3.0\venv\lib\site-packages\selenium\webdriver\support\wait.py, line 95, in until: Message: 
         Stacktrace:
         Backtrace:
         	GetHandleVerifier [0x00EDA813+48355]
         	(No symbol) [0x00E6C4B1]
         	(No symbol) [0x00D75358]
         	(No symbol) [0x00DA09A5]
         	(No symbol) [0x00DA0B3B]
         	(No symbol) [0x00DCE232]
         	(No symbol) [0x00DBA784]
         	(No symbol) [0x00DCC922]
         	(No symbol) [0x00DBA536]
         	(No symbol) [0x00D982DC]
         	(No symbol) [0x00D993DD]
         	GetHandleVerifier [0x0113AABD+2539405]
         	GetHandleVerifier [0x0117A78F+2800735]
         	GetHandleVerifier [0x0117456C+2775612]
         	GetHandleVerifier [0x00F651E0+616112]
         	(No symbol) [0x00E75F8C]
         	(No symbol) [0x00E72328]
         	(No symbol) [0x00E7240B]
         	(No symbol) [0x00E64FF7]
         	BaseThreadInitThunk [0x76F000C9+25]
         	RtlGetAppContainerNamedObjectPath [0x77B57B1E+286]
         	RtlGetAppContainerNamedObjectPath [0x77B57AEE+238]
on 1129: ERROR:__main__:Error getting player data for Jesper De Jong. Exception occurred in file E:\OneDrive\Programming\Tennisv3.0\scripts\scrape_player_data.py, line 187, in scrape_player_data: 'NoneType' object has no attribute 'getText'
on 1249: ERROR:__main__:Error getting player data for Junior A. Ore. Exception occurred in file E:\OneDrive\Programming\Tennisv3.0\venv\lib\site-packages\selenium\webdriver\support\wait.py, line 95, in until: Message: 
         Stacktrace:
         Backtrace:
         	GetHandleVerifier [0x00EDA813+48355]
         	(No symbol) [0x00E6C4B1]
         	(No symbol) [0x00D75358]
         	(No symbol) [0x00DA09A5]
         	(No symbol) [0x00DA0B3B]
         	(No symbol) [0x00DCE232]
         	(No symbol) [0x00DBA784]
         	(No symbol) [0x00DCC922]
         	(No symbol) [0x00DBA536]
         	(No symbol) [0x00D982DC]
         	(No symbol) [0x00D993DD]
         	GetHandleVerifier [0x0113AABD+2539405]
         	GetHandleVerifier [0x0117A78F+2800735]
         	GetHandleVerifier [0x0117456C+2775612]
         	GetHandleVerifier [0x00F651E0+616112]
         	(No symbol) [0x00E75F8C]
         	(No symbol) [0x00E72328]
         	(No symbol) [0x00E7240B]
         	(No symbol) [0x00E64FF7]
         	BaseThreadInitThunk [0x76F000C9+25]
         	RtlGetAppContainerNamedObjectPath [0x77B57B1E+286]
         	RtlGetAppContainerNamedObjectPath [0x77B57AEE+238]
on 1286: ERROR:__main__:Error getting player data for Xxxxxx De Jong. Exception occurred in file E:\OneDrive\Programming\Tennisv3.0\venv\lib\site-packages\selenium\webdriver\support\wait.py, line 95, in until: Message: 
         Stacktrace:
         Backtrace:
         	GetHandleVerifier [0x00EDA813+48355]
         	(No symbol) [0x00E6C4B1]
         	(No symbol) [0x00D75358]
         	(No symbol) [0x00DA09A5]
         	(No symbol) [0x00DA0B3B]
         	(No symbol) [0x00DCE232]
         	(No symbol) [0x00DBA784]
         	(No symbol) [0x00DCC922]
         	(No symbol) [0x00DBA536]
         	(No symbol) [0x00D982DC]
         	(No symbol) [0x00D993DD]
         	GetHandleVerifier [0x0113AABD+2539405]
         	GetHandleVerifier [0x0117A78F+2800735]
         	GetHandleVerifier [0x0117456C+2775612]
         	GetHandleVerifier [0x00F651E0+616112]
         	(No symbol) [0x00E75F8C]
         	(No symbol) [0x00E72328]
         	(No symbol) [0x00E7240B]
         	(No symbol) [0x00E64FF7]
         	BaseThreadInitThunk [0x76F000C9+25]
         	RtlGetAppContainerNamedObjectPath [0x77B57B1E+286]
         	RtlGetAppContainerNamedObjectPath [0x77B57AEE+238]
on 1415: ERROR:__main__:Error getting player data for Philip Davydenko. Exception occurred in file E:\OneDrive\Programming\Tennisv3.0\venv\lib\site-packages\selenium\webdriver\support\wait.py, line 95, in until: Message: 
         Stacktrace:
         Backtrace:
         	GetHandleVerifier [0x00EDA813+48355]
         	(No symbol) [0x00E6C4B1]
         	(No symbol) [0x00D75358]
         	(No symbol) [0x00DA09A5]
         	(No symbol) [0x00DA0B3B]
         	(No symbol) [0x00DCE232]
         	(No symbol) [0x00DBA784]
         	(No symbol) [0x00DCC922]
         	(No symbol) [0x00DBA536]
         	(No symbol) [0x00D982DC]
         	(No symbol) [0x00D993DD]
         	GetHandleVerifier [0x0113AABD+2539405]
         	GetHandleVerifier [0x0117A78F+2800735]
         	GetHandleVerifier [0x0117456C+2775612]
         	GetHandleVerifier [0x00F651E0+616112]
         	(No symbol) [0x00E75F8C]
         	(No symbol) [0x00E72328]
         	(No symbol) [0x00E7240B]
         	(No symbol) [0x00E64FF7]
         	BaseThreadInitThunk [0x76F000C9+25]
         	RtlGetAppContainerNamedObjectPath [0x77B57B1E+286]
         	RtlGetAppContainerNamedObjectPath [0x77B57AEE+238]
on 1558: ERROR:__main__:Error getting player data for Jose Anton Salazar Martin. Exception occurred in file E:\OneDrive\Programming\Tennisv3.0\venv\lib\site-packages\selenium\webdriver\support\wait.py, line 95, in until: Message: 
         Stacktrace:
         Backtrace:
         	GetHandleVerifier [0x00EDA813+48355]
         	(No symbol) [0x00E6C4B1]
         	(No symbol) [0x00D75358]
         	(No symbol) [0x00DA09A5]
         	(No symbol) [0x00DA0B3B]
         	(No symbol) [0x00DCE232]
         	(No symbol) [0x00DBA784]
         	(No symbol) [0x00DCC922]
         	(No symbol) [0x00DBA536]
         	(No symbol) [0x00D982DC]
         	(No symbol) [0x00D993DD]
         	GetHandleVerifier [0x0113AABD+2539405]
         	GetHandleVerifier [0x0117A78F+2800735]
         	GetHandleVerifier [0x0117456C+2775612]
         	GetHandleVerifier [0x00F651E0+616112]
         	(No symbol) [0x00E75F8C]
         	(No symbol) [0x00E72328]
         	(No symbol) [0x00E7240B]
         	(No symbol) [0x00E64FF7]
         	BaseThreadInitThunk [0x76F000C9+25]
         	RtlGetAppContainerNamedObjectPath [0x77B57B1E+286]
         	RtlGetAppContainerNamedObjectPath [0x77B57AEE+238]
on 1563: ERROR:__main__:Error getting player data for Henry Steer. Exception occurred in file E:\OneDrive\Programming\Tennisv3.0\scripts\scrape_player_data.py, line 187, in scrape_player_data: 'NoneType' object has no attribute 'getText'
on 1794: ERROR:__main__:Error getting player data for Phasawit Burapharittha. Exception occurred in file E:\OneDrive\Programming\Tennisv3.0\venv\lib\site-packages\selenium\webdriver\support\wait.py, line 95, in until: Message: 
         Stacktrace:
         Backtrace:
         	GetHandleVerifier [0x00EDA813+48355]
         	(No symbol) [0x00E6C4B1]
         	(No symbol) [0x00D75358]
         	(No symbol) [0x00DA09A5]
         	(No symbol) [0x00DA0B3B]
         	(No symbol) [0x00DCE232]
         	(No symbol) [0x00DBA784]
         	(No symbol) [0x00DCC922]
         	(No symbol) [0x00DBA536]
         	(No symbol) [0x00D982DC]
         	(No symbol) [0x00D993DD]
         	GetHandleVerifier [0x0113AABD+2539405]
         	GetHandleVerifier [0x0117A78F+2800735]
         	GetHandleVerifier [0x0117456C+2775612]
         	GetHandleVerifier [0x00F651E0+616112]
         	(No symbol) [0x00E75F8C]
         	(No symbol) [0x00E72328]
         	(No symbol) [0x00E7240B]
         	(No symbol) [0x00E64FF7]
         	BaseThreadInitThunk [0x76F000C9+25]
         	RtlGetAppContainerNamedObjectPath [0x77B57B1E+286]
         	RtlGetAppContainerNamedObjectPath [0x77B57AEE+238]
on 2031: ERROR:__main__:Error getting player data for Sloane Stephens. Exception occurred in file E:\OneDrive\Programming\Tennisv3.0\venv\lib\site-packages\selenium\webdriver\support\wait.py, line 95, in until: Message: 
         Stacktrace:
         Backtrace:
         	GetHandleVerifier [0x00EDA813+48355]
         	(No symbol) [0x00E6C4B1]
         	(No symbol) [0x00D75358]
         	(No symbol) [0x00DA09A5]
         	(No symbol) [0x00DA0B3B]
         	(No symbol) [0x00DCE232]
         	(No symbol) [0x00DBA784]
         	(No symbol) [0x00DCC922]
         	(No symbol) [0x00DBA536]
         	(No symbol) [0x00D982DC]
         	(No symbol) [0x00D993DD]
         	GetHandleVerifier [0x0113AABD+2539405]
         	GetHandleVerifier [0x0117A78F+2800735]
         	GetHandleVerifier [0x0117456C+2775612]
         	GetHandleVerifier [0x00F651E0+616112]
         	(No symbol) [0x00E75F8C]
         	(No symbol) [0x00E72328]
         	(No symbol) [0x00E7240B]
         	(No symbol) [0x00E64FF7]
         	BaseThreadInitThunk [0x76F000C9+25]
         	RtlGetAppContainerNamedObjectPath [0x77B57B1E+286]
         	RtlGetAppContainerNamedObjectPath [0x77B57AEE+238]
on 2305: ERROR:__main__:Error getting player data for J.J. Wolf. Exception occurred in file E:\OneDrive\Programming\Tennisv3.0\venv\lib\site-packages\selenium\webdriver\support\wait.py, line 95, in until: Message: 
         Stacktrace:
         Backtrace:
         	GetHandleVerifier [0x00EDA813+48355]
         	(No symbol) [0x00E6C4B1]
         	(No symbol) [0x00D75358]
         	(No symbol) [0x00DA09A5]
         	(No symbol) [0x00DA0B3B]
         	(No symbol) [0x00DCE232]
         	(No symbol) [0x00DBA784]
         	(No symbol) [0x00DCC922]
         	(No symbol) [0x00DBA536]
         	(No symbol) [0x00D982DC]
         	(No symbol) [0x00D993DD]
         	GetHandleVerifier [0x0113AABD+2539405]
         	GetHandleVerifier [0x0117A78F+2800735]
         	GetHandleVerifier [0x0117456C+2775612]
         	GetHandleVerifier [0x00F651E0+616112]
         	(No symbol) [0x00E75F8C]
         	(No symbol) [0x00E72328]
         	(No symbol) [0x00E7240B]
         	(No symbol) [0x00E64FF7]
         	BaseThreadInitThunk [0x76F000C9+25]
         	RtlGetAppContainerNamedObjectPath [0x77B57B1E+286]
         	RtlGetAppContainerNamedObjectPath [0x77B57AEE+238]
